2014/08/04 10:10:52 [error] [system.db.CDbCommand] CDbCommand::fetchAll() failed: SQLSTATE[42S02]: Base table or view not found: 1146 Table 'blog.tbl_post' doesn't exist. The SQL statement executed was: SHOW FULL COLUMNS FROM `tbl_post`.
2014/08/04 10:10:52 [error] [exception.CDbException] exception 'CDbException' with message 'The table "{{post}}" for active record class "Post" cannot be found in the database.' in E:\PHP\programs\t9l\t9l\framework\db\ar\CActiveRecord.php:2362
Stack trace:
#0 E:\PHP\programs\t9l\t9l\framework\db\ar\CActiveRecord.php(411): CActiveRecordMetaData->__construct(Object(Post))
#1 E:\PHP\programs\t9l\t9l\framework\db\ar\CActiveRecord.php(658): CActiveRecord->getMetaData()
#2 E:\PHP\programs\t9l\t9l\framework\db\ar\CActiveFinder.php(389): CActiveRecord->getTableSchema()
#3 E:\PHP\programs\t9l\t9l\framework\db\ar\CActiveFinder.php(47): CJoinElement->__construct(Object(CActiveFinder), Object(Post))
#4 E:\PHP\programs\t9l\t9l\framework\db\ar\CActiveRecord.php(909): CActiveFinder->__construct(Object(Post), 'commentCount')
#5 E:\PHP\programs\t9l\t9l\framework\db\ar\CActiveRecord.php(1604): CActiveRecord->getActiveFinder('commentCount')
#6 E:\PHP\programs\t9l\t9l\framework\web\CActiveDataProvider.php(228): CActiveRecord->count(Object(CDbCriteria))
#7 E:\PHP\programs\t9l\t9l\framework\web\CDataProvider.php(224): CActiveDataProvider->calculateTotalItemCount()
#8 E:\PHP\programs\t9l\t9l\framework\web\CActiveDataProvider.php(178): CDataProvider->getTotalItemCount()
#9 E:\PHP\programs\t9l\t9l\framework\web\CDataProvider.php(168): CActiveDataProvider->fetchData()
#10 E:\PHP\programs\t9l\t9l\framework\zii\widgets\CBaseListView.php(111): CDataProvider->getData()
#11 E:\PHP\programs\t9l\t9l\framework\zii\widgets\CListView.php(211): CBaseListView->init()
#12 E:\PHP\programs\t9l\t9l\framework\web\CBaseController.php(147): CListView->init()
#13 E:\PHP\programs\t9l\t9l\framework\web\CBaseController.php(172): CBaseController->createWidget('zii.widgets.CLi...', Array)
#14 E:\PHP\programs\t9l\t9l\demos\blog\protected\views\post\index.php(9): CBaseController->widget('zii.widgets.CLi...', Array)
#15 E:\PHP\programs\t9l\t9l\framework\web\CBaseController.php(126): require('E:\PHP\programs...')
#16 E:\PHP\programs\t9l\t9l\framework\web\CBaseController.php(95): CBaseController->renderInternal('E:\PHP\programs...', Array, true)
#17 E:\PHP\programs\t9l\t9l\framework\web\CController.php(869): CBaseController->renderFile('E:\PHP\programs...', Array, true)
#18 E:\PHP\programs\t9l\t9l\framework\web\CController.php(782): CController->renderPartial('index', Array, true)
#19 E:\PHP\programs\t9l\t9l\demos\blog\protected\controllers\PostController.php(136): CController->render('index', Array)
#20 E:\PHP\programs\t9l\t9l\framework\web\actions\CInlineAction.php(49): PostController->actionIndex()
#21 E:\PHP\programs\t9l\t9l\framework\web\CController.php(308): CInlineAction->runWithParams(Array)
#22 E:\PHP\programs\t9l\t9l\framework\web\filters\CFilterChain.php(133): CController->runAction(Object(CInlineAction))
#23 E:\PHP\programs\t9l\t9l\framework\web\filters\CFilter.php(40): CFilterChain->run()
#24 E:\PHP\programs\t9l\t9l\framework\web\CController.php(1145): CFilter->filter(Object(CFilterChain))
#25 E:\PHP\programs\t9l\t9l\framework\web\filters\CInlineFilter.php(58): CController->filterAccessControl(Object(CFilterChain))
#26 E:\PHP\programs\t9l\t9l\framework\web\filters\CFilterChain.php(130): CInlineFilter->filter(Object(CFilterChain))
#27 E:\PHP\programs\t9l\t9l\framework\web\CController.php(291): CFilterChain->run()
#28 E:\PHP\programs\t9l\t9l\framework\web\CController.php(265): CController->runActionWithFilters(Object(CInlineAction), Array)
#29 E:\PHP\programs\t9l\t9l\framework\web\CWebApplication.php(282): CController->run('')
#30 E:\PHP\programs\t9l\t9l\framework\web\CWebApplication.php(141): CWebApplication->runController('')
#31 E:\PHP\programs\t9l\t9l\framework\base\CApplication.php(180): CWebApplication->processRequest()
#32 E:\PHP\programs\t9l\t9l\demos\blog\index.php(11): CApplication->run()
#33 {main}
REQUEST_URI=/t9l/t9l/demos/blog/
HTTP_REFERER=http://localhost/t9l/t9l/demos/
---
